<?xml version="1.0" encoding="UTF-8"?>
<!-- Generated by org.testng.reporters.JUnitXMLReporter -->
<testsuite ignored="3" hostname="DESKTOP-773JB5A" failures="1" tests="1" name="Test(failed)" time="0.299" errors="0" timestamp="2022-03-22T20:24:29 IST">
  <testcase classname="Testng_keyword.Methods" name="s3" time="0.227">
    <failure type="org.testng.internal.thread.ThreadTimeoutException" message="Method Testng_keyword.Methods.s3() didn&amp;apos;t finish within the time-out 200">
      <![CDATA[org.testng.internal.thread.ThreadTimeoutException: Method Testng_keyword.Methods.s3() didn't finish within the time-out 200
at java.base/java.util.ArrayList.forEach(ArrayList.java:1541)
... Removed 24 stack frames]]>
    </failure>
  </testcase> <!-- s3 -->
  <testcase classname="Testng_keyword.Methods" name="s1" time="0.0">
    <ignored/>
  </testcase> <!-- s1 -->
  <testcase classname="Testng_keyword.Methods" name="s4" time="0.0">
    <ignored/>
  </testcase> <!-- s4 -->
  <testcase classname="Testng_keyword.Methods" name="s2" time="0.0">
    <ignored/>
  </testcase> <!-- s2 -->
</testsuite> <!-- Test(failed) -->
